0 info it worked if it ends with ok
1 verbose cli [ '/usr/bin/nodejs', '/usr/bin/npm', 'install', 'less', '-g' ]
2 info using npm@3.5.2
3 info using node@v4.2.6
4 silly loadCurrentTree Starting
5 silly install loadCurrentTree
6 silly install readGlobalPackageData
7 silly fetchPackageMetaData less
8 silly fetchNamedPackageData less
9 silly mapToRegistry name less
10 silly mapToRegistry using default registry
11 silly mapToRegistry registry https://registry.npmjs.org/
12 silly mapToRegistry uri https://registry.npmjs.org/less
13 verbose request uri https://registry.npmjs.org/less
14 verbose request no auth needed
15 info attempt registry request try #1 at 11:28:21 AM
16 verbose request id d8317bbe0f65d9a3
17 http request GET https://registry.npmjs.org/less
18 http 200 https://registry.npmjs.org/less
19 verbose headers { server: 'nginx/1.10.1',
19 verbose headers   'content-type': 'application/json',
19 verbose headers   'last-modified': 'Sun, 04 Dec 2016 00:32:10 GMT',
19 verbose headers   etag: 'W/"5843640a-1da9e"',
19 verbose headers   'content-encoding': 'gzip',
19 verbose headers   'cache-control': 'max-age=300',
19 verbose headers   'content-length': '11192',
19 verbose headers   'accept-ranges': 'bytes',
19 verbose headers   date: 'Sun, 04 Dec 2016 04:28:22 GMT',
19 verbose headers   via: '1.1 varnish',
19 verbose headers   age: '299',
19 verbose headers   connection: 'keep-alive',
19 verbose headers   'x-served-by': 'cache-sin6920-SIN',
19 verbose headers   'x-cache': 'HIT',
19 verbose headers   'x-cache-hits': '5',
19 verbose headers   'x-timer': 'S1480825702.597283,VS0,VE0',
19 verbose headers   vary: 'Accept-Encoding' }
20 silly get cb [ 200,
20 silly get   { server: 'nginx/1.10.1',
20 silly get     'content-type': 'application/json',
20 silly get     'last-modified': 'Sun, 04 Dec 2016 00:32:10 GMT',
20 silly get     etag: 'W/"5843640a-1da9e"',
20 silly get     'content-encoding': 'gzip',
20 silly get     'cache-control': 'max-age=300',
20 silly get     'content-length': '11192',
20 silly get     'accept-ranges': 'bytes',
20 silly get     date: 'Sun, 04 Dec 2016 04:28:22 GMT',
20 silly get     via: '1.1 varnish',
20 silly get     age: '299',
20 silly get     connection: 'keep-alive',
20 silly get     'x-served-by': 'cache-sin6920-SIN',
20 silly get     'x-cache': 'HIT',
20 silly get     'x-cache-hits': '5',
20 silly get     'x-timer': 'S1480825702.597283,VS0,VE0',
20 silly get     vary: 'Accept-Encoding' } ]
21 verbose get saving less to /home/sxio/.npm/registry.npmjs.org/less/.cache.json
22 verbose makeDirectory /home/sxio/.npm creation not in flight; initializing
23 silly makeDirectory /home/sxio/.npm uid: 1000 gid: 1000
24 silly install normalizeTree
25 silly loadCurrentTree Finishing
26 silly loadIdealTree Starting
27 silly install loadIdealTree
28 silly cloneCurrentTree Starting
29 silly install cloneCurrentTreeToIdealTree
30 silly cloneCurrentTree Finishing
31 silly loadShrinkwrap Starting
32 silly install loadShrinkwrap
33 silly loadShrinkwrap Finishing
34 silly loadAllDepsIntoIdealTree Starting
35 silly install loadAllDepsIntoIdealTree
36 silly resolveWithNewModule less@2.7.1 checking installable status
37 silly cache add args [ 'less', null ]
38 verbose cache add spec less
39 silly cache add parsed spec Result {
39 silly cache add   raw: 'less',
39 silly cache add   scope: null,
39 silly cache add   name: 'less',
39 silly cache add   rawSpec: '',
39 silly cache add   spec: 'latest',
39 silly cache add   type: 'tag' }
40 silly addNamed less@latest
41 verbose addNamed "latest" is being treated as a dist-tag for less
42 info addNameTag [ 'less', 'latest' ]
43 silly mapToRegistry name less
44 silly mapToRegistry using default registry
45 silly mapToRegistry registry https://registry.npmjs.org/
46 silly mapToRegistry uri https://registry.npmjs.org/less
47 verbose addNameTag registry:https://registry.npmjs.org/less not in flight; fetching
48 verbose get https://registry.npmjs.org/less not expired, no request
49 silly addNameTag next cb for less with tag latest
50 silly addNamed less@2.7.1
51 verbose addNamed "2.7.1" is a plain semver version for less
52 silly mapToRegistry name less
53 silly mapToRegistry using default registry
54 silly mapToRegistry registry https://registry.npmjs.org/
55 silly mapToRegistry uri https://registry.npmjs.org/less
56 verbose addRemoteTarball https://registry.npmjs.org/less/-/less-2.7.1.tgz not in flight; adding
57 verbose addRemoteTarball [ 'https://registry.npmjs.org/less/-/less-2.7.1.tgz',
57 verbose addRemoteTarball   '6cbfea22b3b830304e9a5fb371d54fa480c9d7cf' ]
58 info retry fetch attempt 1 at 11:28:22 AM
59 info attempt registry request try #1 at 11:28:22 AM
60 http fetch GET https://registry.npmjs.org/less/-/less-2.7.1.tgz
61 http fetch 200 https://registry.npmjs.org/less/-/less-2.7.1.tgz
62 silly fetchAndShaCheck shasum 6cbfea22b3b830304e9a5fb371d54fa480c9d7cf
63 verbose addTmpTarball /tmp/npm-28126-710708fc/registry.npmjs.org/less/-/less-2.7.1.tgz not in flight; adding
64 verbose addTmpTarball already have metadata; skipping unpack for less@2.7.1
65 silly cache afterAdd less@2.7.1
66 verbose afterAdd /home/sxio/.npm/less/2.7.1/package/package.json not in flight; writing
67 verbose afterAdd /home/sxio/.npm/less/2.7.1/package/package.json written
68 silly fetchNamedPackageData errno
69 silly mapToRegistry name errno
70 silly mapToRegistry using default registry
71 silly mapToRegistry registry https://registry.npmjs.org/
72 silly mapToRegistry uri https://registry.npmjs.org/errno
73 silly fetchNamedPackageData graceful-fs
74 silly mapToRegistry name graceful-fs
75 silly mapToRegistry using default registry
76 silly mapToRegistry registry https://registry.npmjs.org/
77 silly mapToRegistry uri https://registry.npmjs.org/graceful-fs
78 silly fetchNamedPackageData image-size
79 silly mapToRegistry name image-size
80 silly mapToRegistry using default registry
81 silly mapToRegistry registry https://registry.npmjs.org/
82 silly mapToRegistry uri https://registry.npmjs.org/image-size
83 silly fetchNamedPackageData mime
84 silly mapToRegistry name mime
85 silly mapToRegistry using default registry
86 silly mapToRegistry registry https://registry.npmjs.org/
87 silly mapToRegistry uri https://registry.npmjs.org/mime
88 silly fetchNamedPackageData mkdirp
89 silly mapToRegistry name mkdirp
90 silly mapToRegistry using default registry
91 silly mapToRegistry registry https://registry.npmjs.org/
92 silly mapToRegistry uri https://registry.npmjs.org/mkdirp
93 silly fetchNamedPackageData promise
94 silly mapToRegistry name promise
95 silly mapToRegistry using default registry
96 silly mapToRegistry registry https://registry.npmjs.org/
97 silly mapToRegistry uri https://registry.npmjs.org/promise
98 silly fetchNamedPackageData source-map
99 silly mapToRegistry name source-map
100 silly mapToRegistry using default registry
101 silly mapToRegistry registry https://registry.npmjs.org/
102 silly mapToRegistry uri https://registry.npmjs.org/source-map
103 verbose request uri https://registry.npmjs.org/errno
104 verbose request no auth needed
105 info attempt registry request try #1 at 11:28:24 AM
106 http request GET https://registry.npmjs.org/errno
107 verbose request uri https://registry.npmjs.org/graceful-fs
108 verbose request no auth needed
109 info attempt registry request try #1 at 11:28:24 AM
110 http request GET https://registry.npmjs.org/graceful-fs
111 verbose request uri https://registry.npmjs.org/image-size
112 verbose request no auth needed
113 info attempt registry request try #1 at 11:28:24 AM
114 http request GET https://registry.npmjs.org/image-size
115 verbose request uri https://registry.npmjs.org/mime
116 verbose request no auth needed
117 info attempt registry request try #1 at 11:28:24 AM
118 http request GET https://registry.npmjs.org/mime
119 verbose request uri https://registry.npmjs.org/mkdirp
120 verbose request no auth needed
121 info attempt registry request try #1 at 11:28:24 AM
122 http request GET https://registry.npmjs.org/mkdirp
123 verbose request uri https://registry.npmjs.org/promise
124 verbose request no auth needed
125 info attempt registry request try #1 at 11:28:24 AM
126 http request GET https://registry.npmjs.org/promise
127 verbose request uri https://registry.npmjs.org/source-map
128 verbose request no auth needed
129 info attempt registry request try #1 at 11:28:24 AM
130 http request GET https://registry.npmjs.org/source-map
131 http 200 https://registry.npmjs.org/mime
132 verbose headers { server: 'nginx/1.10.1',
132 verbose headers   'content-type': 'application/json',
132 verbose headers   'last-modified': 'Tue, 08 Nov 2016 18:44:48 GMT',
132 verbose headers   etag: 'W/"58221d20-50af"',
132 verbose headers   'content-encoding': 'gzip',
132 verbose headers   'cache-control': 'max-age=300',
132 verbose headers   'content-length': '3910',
132 verbose headers   'accept-ranges': 'bytes',
132 verbose headers   date: 'Sun, 04 Dec 2016 04:28:24 GMT',
132 verbose headers   via: '1.1 varnish',
132 verbose headers   age: '190',
132 verbose headers   connection: 'keep-alive',
132 verbose headers   'x-served-by': 'cache-sin6925-SIN',
132 verbose headers   'x-cache': 'HIT',
132 verbose headers   'x-cache-hits': '8',
132 verbose headers   'x-timer': 'S1480825704.396851,VS0,VE0',
132 verbose headers   vary: 'Accept-Encoding' }
133 silly get cb [ 200,
133 silly get   { server: 'nginx/1.10.1',
133 silly get     'content-type': 'application/json',
133 silly get     'last-modified': 'Tue, 08 Nov 2016 18:44:48 GMT',
133 silly get     etag: 'W/"58221d20-50af"',
133 silly get     'content-encoding': 'gzip',
133 silly get     'cache-control': 'max-age=300',
133 silly get     'content-length': '3910',
133 silly get     'accept-ranges': 'bytes',
133 silly get     date: 'Sun, 04 Dec 2016 04:28:24 GMT',
133 silly get     via: '1.1 varnish',
133 silly get     age: '190',
133 silly get     connection: 'keep-alive',
133 silly get     'x-served-by': 'cache-sin6925-SIN',
133 silly get     'x-cache': 'HIT',
133 silly get     'x-cache-hits': '8',
133 silly get     'x-timer': 'S1480825704.396851,VS0,VE0',
133 silly get     vary: 'Accept-Encoding' } ]
134 verbose get saving mime to /home/sxio/.npm/registry.npmjs.org/mime/.cache.json
135 http 200 https://registry.npmjs.org/graceful-fs
136 verbose headers { server: 'nginx/1.10.1',
136 verbose headers   'content-type': 'application/json',
136 verbose headers   'last-modified': 'Tue, 22 Nov 2016 19:30:31 GMT',
136 verbose headers   etag: 'W/"58349cd7-10017"',
136 verbose headers   'content-encoding': 'gzip',
136 verbose headers   'cache-control': 'max-age=300',
136 verbose headers   'content-length': '8476',
136 verbose headers   'accept-ranges': 'bytes',
136 verbose headers   date: 'Sun, 04 Dec 2016 04:28:24 GMT',
136 verbose headers   via: '1.1 varnish',
136 verbose headers   age: '206',
136 verbose headers   connection: 'keep-alive',
136 verbose headers   'x-served-by': 'cache-sin6925-SIN',
136 verbose headers   'x-cache': 'HIT',
136 verbose headers   'x-cache-hits': '9',
136 verbose headers   'x-timer': 'S1480825704.396894,VS0,VE0',
136 verbose headers   vary: 'Accept-Encoding' }
137 silly get cb [ 200,
137 silly get   { server: 'nginx/1.10.1',
137 silly get     'content-type': 'application/json',
137 silly get     'last-modified': 'Tue, 22 Nov 2016 19:30:31 GMT',
137 silly get     etag: 'W/"58349cd7-10017"',
137 silly get     'content-encoding': 'gzip',
137 silly get     'cache-control': 'max-age=300',
137 silly get     'content-length': '8476',
137 silly get     'accept-ranges': 'bytes',
137 silly get     date: 'Sun, 04 Dec 2016 04:28:24 GMT',
137 silly get     via: '1.1 varnish',
137 silly get     age: '206',
137 silly get     connection: 'keep-alive',
137 silly get     'x-served-by': 'cache-sin6925-SIN',
137 silly get     'x-cache': 'HIT',
137 silly get     'x-cache-hits': '9',
137 silly get     'x-timer': 'S1480825704.396894,VS0,VE0',
137 silly get     vary: 'Accept-Encoding' } ]
138 verbose get saving graceful-fs to /home/sxio/.npm/registry.npmjs.org/graceful-fs/.cache.json
139 http 200 https://registry.npmjs.org/mkdirp
140 verbose headers { server: 'nginx/1.10.1',
140 verbose headers   'content-type': 'application/json',
140 verbose headers   'last-modified': 'Wed, 30 Nov 2016 14:03:23 GMT',
140 verbose headers   etag: 'W/"583edc2b-6098"',
140 verbose headers   'content-encoding': 'gzip',
140 verbose headers   'cache-control': 'max-age=300',
140 verbose headers   'content-length': '4613',
140 verbose headers   'accept-ranges': 'bytes',
140 verbose headers   date: 'Sun, 04 Dec 2016 04:28:24 GMT',
140 verbose headers   via: '1.1 varnish',
140 verbose headers   age: '104',
140 verbose headers   connection: 'keep-alive',
140 verbose headers   'x-served-by': 'cache-sin6927-SIN',
140 verbose headers   'x-cache': 'HIT',
140 verbose headers   'x-cache-hits': '2',
140 verbose headers   'x-timer': 'S1480825704.396960,VS0,VE0',
140 verbose headers   vary: 'Accept-Encoding' }
141 silly get cb [ 200,
141 silly get   { server: 'nginx/1.10.1',
141 silly get     'content-type': 'application/json',
141 silly get     'last-modified': 'Wed, 30 Nov 2016 14:03:23 GMT',
141 silly get     etag: 'W/"583edc2b-6098"',
141 silly get     'content-encoding': 'gzip',
141 silly get     'cache-control': 'max-age=300',
141 silly get     'content-length': '4613',
141 silly get     'accept-ranges': 'bytes',
141 silly get     date: 'Sun, 04 Dec 2016 04:28:24 GMT',
141 silly get     via: '1.1 varnish',
141 silly get     age: '104',
141 silly get     connection: 'keep-alive',
141 silly get     'x-served-by': 'cache-sin6927-SIN',
141 silly get     'x-cache': 'HIT',
141 silly get     'x-cache-hits': '2',
141 silly get     'x-timer': 'S1480825704.396960,VS0,VE0',
141 silly get     vary: 'Accept-Encoding' } ]
142 verbose get saving mkdirp to /home/sxio/.npm/registry.npmjs.org/mkdirp/.cache.json
143 silly resolveWithNewModule mime@1.3.4 checking installable status
144 silly cache add args [ 'mime@^1.2.11', null ]
145 verbose cache add spec mime@^1.2.11
146 silly cache add parsed spec Result {
146 silly cache add   raw: 'mime@^1.2.11',
146 silly cache add   scope: null,
146 silly cache add   name: 'mime',
146 silly cache add   rawSpec: '^1.2.11',
146 silly cache add   spec: '>=1.2.11 <2.0.0',
146 silly cache add   type: 'range' }
147 silly addNamed mime@>=1.2.11 <2.0.0
148 verbose addNamed ">=1.2.11 <2.0.0" is a valid semver range for mime
149 silly addNameRange { name: 'mime', range: '>=1.2.11 <2.0.0', hasData: false }
150 silly mapToRegistry name mime
151 silly mapToRegistry using default registry
152 silly mapToRegistry registry https://registry.npmjs.org/
153 silly mapToRegistry uri https://registry.npmjs.org/mime
154 verbose addNameRange registry:https://registry.npmjs.org/mime not in flight; fetching
155 http 200 https://registry.npmjs.org/errno
156 verbose headers { server: 'nginx/1.10.1',
156 verbose headers   'content-type': 'application/json',
156 verbose headers   'last-modified': 'Fri, 11 Nov 2016 09:34:47 GMT',
156 verbose headers   etag: 'W/"582590b7-3579"',
156 verbose headers   'content-encoding': 'gzip',
156 verbose headers   'cache-control': 'max-age=300',
156 verbose headers   'content-length': '3682',
156 verbose headers   'accept-ranges': 'bytes',
156 verbose headers   date: 'Sun, 04 Dec 2016 04:28:24 GMT',
156 verbose headers   via: '1.1 varnish',
156 verbose headers   age: '88',
156 verbose headers   connection: 'keep-alive',
156 verbose headers   'x-served-by': 'cache-sin6923-SIN',
156 verbose headers   'x-cache': 'HIT',
156 verbose headers   'x-cache-hits': '1',
156 verbose headers   'x-timer': 'S1480825704.396945,VS0,VE0',
156 verbose headers   vary: 'Accept-Encoding' }
157 silly get cb [ 200,
157 silly get   { server: 'nginx/1.10.1',
157 silly get     'content-type': 'application/json',
157 silly get     'last-modified': 'Fri, 11 Nov 2016 09:34:47 GMT',
157 silly get     etag: 'W/"582590b7-3579"',
157 silly get     'content-encoding': 'gzip',
157 silly get     'cache-control': 'max-age=300',
157 silly get     'content-length': '3682',
157 silly get     'accept-ranges': 'bytes',
157 silly get     date: 'Sun, 04 Dec 2016 04:28:24 GMT',
157 silly get     via: '1.1 varnish',
157 silly get     age: '88',
157 silly get     connection: 'keep-alive',
157 silly get     'x-served-by': 'cache-sin6923-SIN',
157 silly get     'x-cache': 'HIT',
157 silly get     'x-cache-hits': '1',
157 silly get     'x-timer': 'S1480825704.396945,VS0,VE0',
157 silly get     vary: 'Accept-Encoding' } ]
158 verbose get saving errno to /home/sxio/.npm/registry.npmjs.org/errno/.cache.json
159 silly resolveWithNewModule graceful-fs@4.1.11 checking installable status
160 silly cache add args [ 'graceful-fs@^4.1.2', null ]
161 verbose cache add spec graceful-fs@^4.1.2
162 silly cache add parsed spec Result {
162 silly cache add   raw: 'graceful-fs@^4.1.2',
162 silly cache add   scope: null,
162 silly cache add   name: 'graceful-fs',
162 silly cache add   rawSpec: '^4.1.2',
162 silly cache add   spec: '>=4.1.2 <5.0.0',
162 silly cache add   type: 'range' }
163 silly addNamed graceful-fs@>=4.1.2 <5.0.0
164 verbose addNamed ">=4.1.2 <5.0.0" is a valid semver range for graceful-fs
165 silly addNameRange { name: 'graceful-fs', range: '>=4.1.2 <5.0.0', hasData: false }
166 silly mapToRegistry name graceful-fs
167 silly mapToRegistry using default registry
168 silly mapToRegistry registry https://registry.npmjs.org/
169 silly mapToRegistry uri https://registry.npmjs.org/graceful-fs
170 verbose addNameRange registry:https://registry.npmjs.org/graceful-fs not in flight; fetching
171 verbose get https://registry.npmjs.org/mime not expired, no request
172 silly addNameRange number 2 { name: 'mime', range: '>=1.2.11 <2.0.0', hasData: true }
173 silly addNameRange versions [ 'mime',
173 silly addNameRange   [ '1.0.0',
173 silly addNameRange     '1.1.0',
173 silly addNameRange     '1.2.1',
173 silly addNameRange     '1.2.2',
173 silly addNameRange     '1.2.3',
173 silly addNameRange     '1.2.4',
173 silly addNameRange     '1.2.5',
173 silly addNameRange     '1.2.6',
173 silly addNameRange     '1.2.7',
173 silly addNameRange     '1.2.8',
173 silly addNameRange     '1.2.9',
173 silly addNameRange     '1.2.10',
173 silly addNameRange     '1.2.11',
173 silly addNameRange     '1.3.0',
173 silly addNameRange     '1.3.2',
173 silly addNameRange     '1.3.3',
173 silly addNameRange     '1.3.4' ] ]
174 silly addNamed mime@1.3.4
175 verbose addNamed "1.3.4" is a plain semver version for mime
176 http 200 https://registry.npmjs.org/promise
177 verbose headers { server: 'nginx/1.10.1',
177 verbose headers   'content-type': 'application/json',
177 verbose headers   'last-modified': 'Sat, 26 Nov 2016 12:37:03 GMT',
177 verbose headers   etag: 'W/"583981ef-896b"',
177 verbose headers   'content-encoding': 'gzip',
177 verbose headers   'cache-control': 'max-age=300',
177 verbose headers   'content-length': '6780',
177 verbose headers   'accept-ranges': 'bytes',
177 verbose headers   date: 'Sun, 04 Dec 2016 04:28:24 GMT',
177 verbose headers   via: '1.1 varnish',
177 verbose headers   age: '121',
177 verbose headers   connection: 'keep-alive',
177 verbose headers   'x-served-by': 'cache-sin6924-SIN',
177 verbose headers   'x-cache': 'HIT',
177 verbose headers   'x-cache-hits': '19',
177 verbose headers   'x-timer': 'S1480825704.397517,VS0,VE0',
177 verbose headers   vary: 'Accept-Encoding' }
178 silly get cb [ 200,
178 silly get   { server: 'nginx/1.10.1',
178 silly get     'content-type': 'application/json',
178 silly get     'last-modified': 'Sat, 26 Nov 2016 12:37:03 GMT',
178 silly get     etag: 'W/"583981ef-896b"',
178 silly get     'content-encoding': 'gzip',
178 silly get     'cache-control': 'max-age=300',
178 silly get     'content-length': '6780',
178 silly get     'accept-ranges': 'bytes',
178 silly get     date: 'Sun, 04 Dec 2016 04:28:24 GMT',
178 silly get     via: '1.1 varnish',
178 silly get     age: '121',
178 silly get     connection: 'keep-alive',
178 silly get     'x-served-by': 'cache-sin6924-SIN',
178 silly get     'x-cache': 'HIT',
178 silly get     'x-cache-hits': '19',
178 silly get     'x-timer': 'S1480825704.397517,VS0,VE0',
178 silly get     vary: 'Accept-Encoding' } ]
179 verbose get saving promise to /home/sxio/.npm/registry.npmjs.org/promise/.cache.json
180 http 200 https://registry.npmjs.org/image-size
181 verbose headers { server: 'nginx/1.10.1',
181 verbose headers   'content-type': 'application/json',
181 verbose headers   'last-modified': 'Mon, 21 Nov 2016 14:09:24 GMT',
181 verbose headers   etag: 'W/"58330014-899e"',
181 verbose headers   'content-encoding': 'gzip',
181 verbose headers   'cache-control': 'max-age=300',
181 verbose headers   'content-length': '4471',
181 verbose headers   'accept-ranges': 'bytes',
181 verbose headers   date: 'Sun, 04 Dec 2016 04:28:24 GMT',
181 verbose headers   via: '1.1 varnish',
181 verbose headers   age: '0',
181 verbose headers   connection: 'keep-alive',
181 verbose headers   'x-served-by': 'cache-sin6922-SIN',
181 verbose headers   'x-cache': 'HIT',
181 verbose headers   'x-cache-hits': '2',
181 verbose headers   'x-timer': 'S1480825704.396132,VS0,VE0',
181 verbose headers   vary: 'Accept-Encoding' }
182 silly get cb [ 200,
182 silly get   { server: 'nginx/1.10.1',
182 silly get     'content-type': 'application/json',
182 silly get     'last-modified': 'Mon, 21 Nov 2016 14:09:24 GMT',
182 silly get     etag: 'W/"58330014-899e"',
182 silly get     'content-encoding': 'gzip',
182 silly get     'cache-control': 'max-age=300',
182 silly get     'content-length': '4471',
182 silly get     'accept-ranges': 'bytes',
182 silly get     date: 'Sun, 04 Dec 2016 04:28:24 GMT',
182 silly get     via: '1.1 varnish',
182 silly get     age: '0',
182 silly get     connection: 'keep-alive',
182 silly get     'x-served-by': 'cache-sin6922-SIN',
182 silly get     'x-cache': 'HIT',
182 silly get     'x-cache-hits': '2',
182 silly get     'x-timer': 'S1480825704.396132,VS0,VE0',
182 silly get     vary: 'Accept-Encoding' } ]
183 verbose get saving image-size to /home/sxio/.npm/registry.npmjs.org/image-size/.cache.json
184 silly mapToRegistry name mime
185 silly mapToRegistry using default registry
186 silly mapToRegistry registry https://registry.npmjs.org/
187 silly mapToRegistry uri https://registry.npmjs.org/mime
188 verbose addRemoteTarball https://registry.npmjs.org/mime/-/mime-1.3.4.tgz not in flight; adding
189 verbose addRemoteTarball [ 'https://registry.npmjs.org/mime/-/mime-1.3.4.tgz',
189 verbose addRemoteTarball   '115f9e3b6b3daf2959983cb38f149a2d40eb5d53' ]
190 silly resolveWithNewModule mkdirp@0.5.1 checking installable status
191 silly cache add args [ 'mkdirp@^0.5.0', null ]
192 verbose cache add spec mkdirp@^0.5.0
193 silly cache add parsed spec Result {
193 silly cache add   raw: 'mkdirp@^0.5.0',
193 silly cache add   scope: null,
193 silly cache add   name: 'mkdirp',
193 silly cache add   rawSpec: '^0.5.0',
193 silly cache add   spec: '>=0.5.0 <0.6.0',
193 silly cache add   type: 'range' }
194 silly addNamed mkdirp@>=0.5.0 <0.6.0
195 verbose addNamed ">=0.5.0 <0.6.0" is a valid semver range for mkdirp
196 silly addNameRange { name: 'mkdirp', range: '>=0.5.0 <0.6.0', hasData: false }
197 silly mapToRegistry name mkdirp
198 silly mapToRegistry using default registry
199 silly mapToRegistry registry https://registry.npmjs.org/
200 silly mapToRegistry uri https://registry.npmjs.org/mkdirp
201 verbose addNameRange registry:https://registry.npmjs.org/mkdirp not in flight; fetching
202 info retry fetch attempt 1 at 11:28:24 AM
203 info attempt registry request try #1 at 11:28:24 AM
204 http fetch GET https://registry.npmjs.org/mime/-/mime-1.3.4.tgz
205 verbose get https://registry.npmjs.org/graceful-fs not expired, no request
206 silly addNameRange number 2 { name: 'graceful-fs', range: '>=4.1.2 <5.0.0', hasData: true }
207 silly addNameRange versions [ 'graceful-fs',
207 silly addNameRange   [ '1.0.0',
207 silly addNameRange     '1.0.1',
207 silly addNameRange     '1.0.2',
207 silly addNameRange     '1.1.0',
207 silly addNameRange     '1.1.1',
207 silly addNameRange     '1.1.2',
207 silly addNameRange     '1.1.3',
207 silly addNameRange     '1.1.4',
207 silly addNameRange     '1.1.5',
207 silly addNameRange     '1.1.6',
207 silly addNameRange     '1.1.7',
207 silly addNameRange     '1.1.8',
207 silly addNameRange     '1.1.9',
207 silly addNameRange     '1.1.10',
207 silly addNameRange     '1.1.11',
207 silly addNameRange     '1.1.12',
207 silly addNameRange     '1.1.13',
207 silly addNameRange     '1.1.14',
207 silly addNameRange     '1.2.0',
207 silly addNameRange     '1.2.1',
207 silly addNameRange     '1.2.2',
207 silly addNameRange     '1.2.3',
207 silly addNameRange     '2.0.0',
207 silly addNameRange     '2.0.1',
207 silly addNameRange     '2.0.2',
207 silly addNameRange     '2.0.3',
207 silly addNameRange     '3.0.0',
207 silly addNameRange     '3.0.1',
207 silly addNameRange     '3.0.2',
207 silly addNameRange     '3.0.3',
207 silly addNameRange     '3.0.4',
207 silly addNameRange     '3.0.5',
207 silly addNameRange     '3.0.6',
207 silly addNameRange     '3.0.7',
207 silly addNameRange     '3.0.8',
207 silly addNameRange     '4.1.0',
207 silly addNameRange     '4.1.1',
207 silly addNameRange     '4.1.2',
207 silly addNameRange     '4.1.3',
207 silly addNameRange     '4.1.4',
207 silly addNameRange     '4.1.5',
207 silly addNameRange     '3.0.9',
207 silly addNameRange     '4.1.6',
207 silly addNameRange     '3.0.10',
207 silly addNameRange     '3.0.11',
207 silly addNameRange     '4.1.7',
207 silly addNameRange     '4.1.8',
207 silly addNameRange     '4.1.9',
207 silly addNameRange     '4.1.10',
207 silly addNameRange     '4.1.11' ] ]
208 silly addNamed graceful-fs@4.1.11
209 verbose addNamed "4.1.11" is a plain semver version for graceful-fs
210 silly mapToRegistry name graceful-fs
211 silly mapToRegistry using default registry
212 silly mapToRegistry registry https://registry.npmjs.org/
213 silly mapToRegistry uri https://registry.npmjs.org/graceful-fs
214 verbose addRemoteTarball https://registry.npmjs.org/graceful-fs/-/graceful-fs-4.1.11.tgz not in flight; adding
215 verbose addRemoteTarball [ 'https://registry.npmjs.org/graceful-fs/-/graceful-fs-4.1.11.tgz',
215 verbose addRemoteTarball   '0e8bdfe4d1ddb8854d64e04ea7c00e2a026e5658' ]
216 verbose get https://registry.npmjs.org/mkdirp not expired, no request
217 silly addNameRange number 2 { name: 'mkdirp', range: '>=0.5.0 <0.6.0', hasData: true }
218 silly addNameRange versions [ 'mkdirp',
218 silly addNameRange   [ '0.0.1',
218 silly addNameRange     '0.0.2',
218 silly addNameRange     '0.0.3',
218 silly addNameRange     '0.0.4',
218 silly addNameRange     '0.0.5',
218 silly addNameRange     '0.0.6',
218 silly addNameRange     '0.0.7',
218 silly addNameRange     '0.1.0',
218 silly addNameRange     '0.2.0',
218 silly addNameRange     '0.2.1',
218 silly addNameRange     '0.2.2',
218 silly addNameRange     '0.3.0',
218 silly addNameRange     '0.3.1',
218 silly addNameRange     '0.3.2',
218 silly addNameRange     '0.3.3',
218 silly addNameRange     '0.3.4',
218 silly addNameRange     '0.3.5',
218 silly addNameRange     '0.4.0',
218 silly addNameRange     '0.4.1',
218 silly addNameRange     '0.4.2',
218 silly addNameRange     '0.5.0',
218 silly addNameRange     '0.5.1' ] ]
219 silly addNamed mkdirp@0.5.1
220 verbose addNamed "0.5.1" is a plain semver version for mkdirp
221 silly resolveWithNewModule errno@0.1.4 checking installable status
222 silly cache add args [ 'errno@^0.1.1', null ]
223 verbose cache add spec errno@^0.1.1
224 silly cache add parsed spec Result {
224 silly cache add   raw: 'errno@^0.1.1',
224 silly cache add   scope: null,
224 silly cache add   name: 'errno',
224 silly cache add   rawSpec: '^0.1.1',
224 silly cache add   spec: '>=0.1.1 <0.2.0',
224 silly cache add   type: 'range' }
225 silly addNamed errno@>=0.1.1 <0.2.0
226 verbose addNamed ">=0.1.1 <0.2.0" is a valid semver range for errno
227 silly addNameRange { name: 'errno', range: '>=0.1.1 <0.2.0', hasData: false }
228 silly mapToRegistry name errno
229 silly mapToRegistry using default registry
230 silly mapToRegistry registry https://registry.npmjs.org/
231 silly mapToRegistry uri https://registry.npmjs.org/errno
232 verbose addNameRange registry:https://registry.npmjs.org/errno not in flight; fetching
233 silly mapToRegistry name mkdirp
234 silly mapToRegistry using default registry
235 silly mapToRegistry registry https://registry.npmjs.org/
236 silly mapToRegistry uri https://registry.npmjs.org/mkdirp
237 verbose addRemoteTarball https://registry.npmjs.org/mkdirp/-/mkdirp-0.5.1.tgz not in flight; adding
238 verbose addRemoteTarball [ 'https://registry.npmjs.org/mkdirp/-/mkdirp-0.5.1.tgz',
238 verbose addRemoteTarball   '30057438eac6cf7f8c4767f38648d6697d75c903' ]
239 info retry fetch attempt 1 at 11:28:24 AM
240 info attempt registry request try #1 at 11:28:24 AM
241 http fetch GET https://registry.npmjs.org/graceful-fs/-/graceful-fs-4.1.11.tgz
242 silly resolveWithNewModule promise@7.1.1 checking installable status
243 silly cache add args [ 'promise@^7.1.1', null ]
244 verbose cache add spec promise@^7.1.1
245 silly cache add parsed spec Result {
245 silly cache add   raw: 'promise@^7.1.1',
245 silly cache add   scope: null,
245 silly cache add   name: 'promise',
245 silly cache add   rawSpec: '^7.1.1',
245 silly cache add   spec: '>=7.1.1 <8.0.0',
245 silly cache add   type: 'range' }
246 silly addNamed promise@>=7.1.1 <8.0.0
247 verbose addNamed ">=7.1.1 <8.0.0" is a valid semver range for promise
248 silly addNameRange { name: 'promise', range: '>=7.1.1 <8.0.0', hasData: false }
249 silly mapToRegistry name promise
250 silly mapToRegistry using default registry
251 silly mapToRegistry registry https://registry.npmjs.org/
252 silly mapToRegistry uri https://registry.npmjs.org/promise
253 verbose addNameRange registry:https://registry.npmjs.org/promise not in flight; fetching
254 silly resolveWithNewModule image-size@0.5.0 checking installable status
255 silly cache add args [ 'image-size@~0.5.0', null ]
256 verbose cache add spec image-size@~0.5.0
257 silly cache add parsed spec Result {
257 silly cache add   raw: 'image-size@~0.5.0',
257 silly cache add   scope: null,
257 silly cache add   name: 'image-size',
257 silly cache add   rawSpec: '~0.5.0',
257 silly cache add   spec: '>=0.5.0 <0.6.0',
257 silly cache add   type: 'range' }
258 silly addNamed image-size@>=0.5.0 <0.6.0
259 verbose addNamed ">=0.5.0 <0.6.0" is a valid semver range for image-size
260 silly addNameRange { name: 'image-size', range: '>=0.5.0 <0.6.0', hasData: false }
261 silly mapToRegistry name image-size
262 silly mapToRegistry using default registry
263 silly mapToRegistry registry https://registry.npmjs.org/
264 silly mapToRegistry uri https://registry.npmjs.org/image-size
265 verbose addNameRange registry:https://registry.npmjs.org/image-size not in flight; fetching
266 info retry fetch attempt 1 at 11:28:24 AM
267 info attempt registry request try #1 at 11:28:24 AM
268 http fetch GET https://registry.npmjs.org/mkdirp/-/mkdirp-0.5.1.tgz
269 verbose get https://registry.npmjs.org/errno not expired, no request
270 silly addNameRange number 2 { name: 'errno', range: '>=0.1.1 <0.2.0', hasData: true }
271 silly addNameRange versions [ 'errno',
271 silly addNameRange   [ '0.0.1',
271 silly addNameRange     '0.0.2',
271 silly addNameRange     '0.0.3',
271 silly addNameRange     '0.0.4',
271 silly addNameRange     '0.0.5',
271 silly addNameRange     '0.1.0',
271 silly addNameRange     '0.1.1',
271 silly addNameRange     '0.1.2',
271 silly addNameRange     '0.1.3',
271 silly addNameRange     '0.1.4' ] ]
272 silly addNamed errno@0.1.4
273 verbose addNamed "0.1.4" is a plain semver version for errno
274 http 200 https://registry.npmjs.org/source-map
275 verbose headers { server: 'nginx/1.10.1',
275 verbose headers   'content-type': 'application/json',
275 verbose headers   'last-modified': 'Sat, 05 Nov 2016 02:00:28 GMT',
275 verbose headers   etag: 'W/"581d3d3c-25236"',
275 verbose headers   'content-encoding': 'gzip',
275 verbose headers   'cache-control': 'max-age=300',
275 verbose headers   'content-length': '13426',
275 verbose headers   'accept-ranges': 'bytes',
275 verbose headers   date: 'Sun, 04 Dec 2016 04:28:24 GMT',
275 verbose headers   via: '1.1 varnish',
275 verbose headers   age: '120',
275 verbose headers   connection: 'keep-alive',
275 verbose headers   'x-served-by': 'cache-sin6921-SIN',
275 verbose headers   'x-cache': 'HIT',
275 verbose headers   'x-cache-hits': '7',
275 verbose headers   'x-timer': 'S1480825704.396904,VS0,VE0',
275 verbose headers   vary: 'Accept-Encoding' }
276 silly get cb [ 200,
276 silly get   { server: 'nginx/1.10.1',
276 silly get     'content-type': 'application/json',
276 silly get     'last-modified': 'Sat, 05 Nov 2016 02:00:28 GMT',
276 silly get     etag: 'W/"581d3d3c-25236"',
276 silly get     'content-encoding': 'gzip',
276 silly get     'cache-control': 'max-age=300',
276 silly get     'content-length': '13426',
276 silly get     'accept-ranges': 'bytes',
276 silly get     date: 'Sun, 04 Dec 2016 04:28:24 GMT',
276 silly get     via: '1.1 varnish',
276 silly get     age: '120',
276 silly get     connection: 'keep-alive',
276 silly get     'x-served-by': 'cache-sin6921-SIN',
276 silly get     'x-cache': 'HIT',
276 silly get     'x-cache-hits': '7',
276 silly get     'x-timer': 'S1480825704.396904,VS0,VE0',
276 silly get     vary: 'Accept-Encoding' } ]
277 verbose get saving source-map to /home/sxio/.npm/registry.npmjs.org/source-map/.cache.json
278 silly mapToRegistry name errno
279 silly mapToRegistry using default registry
280 silly mapToRegistry registry https://registry.npmjs.org/
281 silly mapToRegistry uri https://registry.npmjs.org/errno
282 verbose addRemoteTarball https://registry.npmjs.org/errno/-/errno-0.1.4.tgz not in flight; adding
283 verbose addRemoteTarball [ 'https://registry.npmjs.org/errno/-/errno-0.1.4.tgz',
283 verbose addRemoteTarball   'b896e23a9e5e8ba33871fc996abd3635fc9a1c7d' ]
284 verbose get https://registry.npmjs.org/image-size not expired, no request
285 silly addNameRange number 2 { name: 'image-size', range: '>=0.5.0 <0.6.0', hasData: true }
286 silly addNameRange versions [ 'image-size',
286 silly addNameRange   [ '0.0.2',
286 silly addNameRange     '0.0.3',
286 silly addNameRange     '0.0.5',
286 silly addNameRange     '0.1.0',
286 silly addNameRange     '0.1.1',
286 silly addNameRange     '0.1.2',
286 silly addNameRange     '0.1.3',
286 silly addNameRange     '0.1.4',
286 silly addNameRange     '0.1.5',
286 silly addNameRange     '0.1.6',
286 silly addNameRange     '0.1.7',
286 silly addNameRange     '0.1.10',
286 silly addNameRange     '0.1.15',
286 silly addNameRange     '0.0.16',
286 silly addNameRange     '0.1.16',
286 silly addNameRange     '0.1.17',
286 silly addNameRange     '0.1.20',
286 silly addNameRange     '0.2.1',
286 silly addNameRange     '0.2.2',
286 silly addNameRange     '0.2.3',
286 silly addNameRange     '0.2.4',
286 silly addNameRange     '0.2.5',
286 silly addNameRange     '0.3.0',
286 silly addNameRange     '0.3.1',
286 silly addNameRange     '0.3.2',
286 silly addNameRange     '0.3.3',
286 silly addNameRange     '0.3.5',
286 silly addNameRange     '0.4.0',
286 silly addNameRange     '0.5.0' ] ]
287 silly addNamed image-size@0.5.0
288 verbose addNamed "0.5.0" is a plain semver version for image-size
289 verbose get https://registry.npmjs.org/promise not expired, no request
290 silly addNameRange number 2 { name: 'promise', range: '>=7.1.1 <8.0.0', hasData: true }
291 silly addNameRange versions [ 'promise',
291 silly addNameRange   [ '1.2.1',
291 silly addNameRange     '1.2.2',
291 silly addNameRange     '1.3.0',
291 silly addNameRange     '2.0.0',
291 silly addNameRange     '3.0.0',
291 silly addNameRange     '3.0.1',
291 silly addNameRange     '3.1.0',
291 silly addNameRange     '3.2.0',
291 silly addNameRange     '4.0.0',
291 silly addNameRange     '5.0.0',
291 silly addNameRange     '6.0.0',
291 silly addNameRange     '6.0.1',
291 silly addNameRange     '6.1.0',
291 silly addNameRange     '7.0.0',
291 silly addNameRange     '7.0.1',
291 silly addNameRange     '7.0.2',
291 silly addNameRange     '7.0.3',
291 silly addNameRange     '7.0.4',
291 silly addNameRange     '7.1.0',
291 silly addNameRange     '7.1.1' ] ]
292 silly addNamed promise@7.1.1
293 verbose addNamed "7.1.1" is a plain semver version for promise
294 silly mapToRegistry name image-size
295 silly mapToRegistry using default registry
296 silly mapToRegistry registry https://registry.npmjs.org/
297 silly mapToRegistry uri https://registry.npmjs.org/image-size
298 verbose addRemoteTarball https://registry.npmjs.org/image-size/-/image-size-0.5.0.tgz not in flight; adding
299 verbose addRemoteTarball [ 'https://registry.npmjs.org/image-size/-/image-size-0.5.0.tgz',
299 verbose addRemoteTarball   'be7aed1c37b5ac3d9ba1d66a24b4c47ff8397651' ]
300 silly mapToRegistry name promise
301 silly mapToRegistry using default registry
302 silly mapToRegistry registry https://registry.npmjs.org/
303 silly mapToRegistry uri https://registry.npmjs.org/promise
304 verbose addRemoteTarball https://registry.npmjs.org/promise/-/promise-7.1.1.tgz not in flight; adding
305 verbose addRemoteTarball [ 'https://registry.npmjs.org/promise/-/promise-7.1.1.tgz',
305 verbose addRemoteTarball   '489654c692616b8aa55b0724fa809bb7db49c5bf' ]
306 info retry fetch attempt 1 at 11:28:24 AM
307 info attempt registry request try #1 at 11:28:24 AM
308 http fetch GET https://registry.npmjs.org/errno/-/errno-0.1.4.tgz
309 info retry fetch attempt 1 at 11:28:24 AM
310 info attempt registry request try #1 at 11:28:24 AM
311 http fetch GET https://registry.npmjs.org/image-size/-/image-size-0.5.0.tgz
312 info retry fetch attempt 1 at 11:28:24 AM
313 info attempt registry request try #1 at 11:28:24 AM
314 http fetch GET https://registry.npmjs.org/promise/-/promise-7.1.1.tgz
315 silly resolveWithNewModule source-map@0.5.6 checking installable status
316 silly cache add args [ 'source-map@^0.5.3', null ]
317 verbose cache add spec source-map@^0.5.3
318 silly cache add parsed spec Result {
318 silly cache add   raw: 'source-map@^0.5.3',
318 silly cache add   scope: null,
318 silly cache add   name: 'source-map',
318 silly cache add   rawSpec: '^0.5.3',
318 silly cache add   spec: '>=0.5.3 <0.6.0',
318 silly cache add   type: 'range' }
319 silly addNamed source-map@>=0.5.3 <0.6.0
320 verbose addNamed ">=0.5.3 <0.6.0" is a valid semver range for source-map
321 silly addNameRange { name: 'source-map', range: '>=0.5.3 <0.6.0', hasData: false }
322 silly mapToRegistry name source-map
323 silly mapToRegistry using default registry
324 silly mapToRegistry registry https://registry.npmjs.org/
325 silly mapToRegistry uri https://registry.npmjs.org/source-map
326 verbose addNameRange registry:https://registry.npmjs.org/source-map not in flight; fetching
327 verbose get https://registry.npmjs.org/source-map not expired, no request
328 silly addNameRange number 2 { name: 'source-map', range: '>=0.5.3 <0.6.0', hasData: true }
329 silly addNameRange versions [ 'source-map',
329 silly addNameRange   [ '0.0.0',
329 silly addNameRange     '0.1.0',
329 silly addNameRange     '0.1.1',
329 silly addNameRange     '0.1.2',
329 silly addNameRange     '0.1.3',
329 silly addNameRange     '0.1.4',
329 silly addNameRange     '0.1.5',
329 silly addNameRange     '0.1.6',
329 silly addNameRange     '0.1.7',
329 silly addNameRange     '0.1.8',
329 silly addNameRange     '0.1.9',
329 silly addNameRange     '0.1.10',
329 silly addNameRange     '0.1.11',
329 silly addNameRange     '0.1.12',
329 silly addNameRange     '0.1.13',
329 silly addNameRange     '0.1.14',
329 silly addNameRange     '0.1.15',
329 silly addNameRange     '0.1.16',
329 silly addNameRange     '0.1.17',
329 silly addNameRange     '0.1.18',
329 silly addNameRange     '0.1.19',
329 silly addNameRange     '0.1.20',
329 silly addNameRange     '0.1.21',
329 silly addNameRange     '0.1.22',
329 silly addNameRange     '0.1.23',
329 silly addNameRange     '0.1.24',
329 silly addNameRange     '0.1.25',
329 silly addNameRange     '0.1.26',
329 silly addNameRange     '0.1.27',
329 silly addNameRange     '0.1.28',
329 silly addNameRange     '0.1.29',
329 silly addNameRange     '0.1.30',
329 silly addNameRange     '0.1.31',
329 silly addNameRange     '0.1.32',
329 silly addNameRange     '0.1.33',
329 silly addNameRange     '0.1.34',
329 silly addNameRange     '0.1.35',
329 silly addNameRange     '0.1.36',
329 silly addNameRange     '0.1.37',
329 silly addNameRange     '0.1.38',
329 silly addNameRange     '0.1.39',
329 silly addNameRange     '0.1.40',
329 silly addNameRange     '0.1.41',
329 silly addNameRange     '0.1.42',
329 silly addNameRange     '0.1.43',
329 silly addNameRange     '0.2.0',
329 silly addNameRange     '0.3.0',
329 silly addNameRange     '0.4.0',
329 silly addNameRange     '0.4.1',
329 silly addNameRange     '0.4.2',
329 silly addNameRange     '0.4.3',
329 silly addNameRange     '0.4.4',
329 silly addNameRange     '0.5.0',
329 silly addNameRange     '0.5.1',
329 silly addNameRange     '0.5.2',
329 silly addNameRange     '0.5.3',
329 silly addNameRange     '0.5.4',
329 silly addNameRange     '0.5.5',
329 silly addNameRange     '0.5.6' ] ]
330 silly addNamed source-map@0.5.6
331 verbose addNamed "0.5.6" is a plain semver version for source-map
332 silly mapToRegistry name source-map
333 silly mapToRegistry using default registry
334 silly mapToRegistry registry https://registry.npmjs.org/
335 silly mapToRegistry uri https://registry.npmjs.org/source-map
336 verbose addRemoteTarball https://registry.npmjs.org/source-map/-/source-map-0.5.6.tgz not in flight; adding
337 verbose addRemoteTarball [ 'https://registry.npmjs.org/source-map/-/source-map-0.5.6.tgz',
337 verbose addRemoteTarball   '75ce38f52bf0733c5a7f0c118d81334a2bb5f412' ]
338 info retry fetch attempt 1 at 11:28:24 AM
339 info attempt registry request try #1 at 11:28:24 AM
340 http fetch GET https://registry.npmjs.org/source-map/-/source-map-0.5.6.tgz
341 http fetch 200 https://registry.npmjs.org/mime/-/mime-1.3.4.tgz
342 http fetch 200 https://registry.npmjs.org/graceful-fs/-/graceful-fs-4.1.11.tgz
343 silly fetchAndShaCheck shasum 0e8bdfe4d1ddb8854d64e04ea7c00e2a026e5658
344 http fetch 200 https://registry.npmjs.org/mkdirp/-/mkdirp-0.5.1.tgz
345 verbose addTmpTarball /tmp/npm-28126-710708fc/registry.npmjs.org/graceful-fs/-/graceful-fs-4.1.11.tgz not in flight; adding
346 verbose addTmpTarball already have metadata; skipping unpack for graceful-fs@4.1.11
347 silly fetchAndShaCheck shasum 30057438eac6cf7f8c4767f38648d6697d75c903
348 verbose addTmpTarball /tmp/npm-28126-710708fc/registry.npmjs.org/mkdirp/-/mkdirp-0.5.1.tgz not in flight; adding
349 verbose addTmpTarball already have metadata; skipping unpack for mkdirp@0.5.1
350 silly cache afterAdd graceful-fs@4.1.11
351 verbose afterAdd /home/sxio/.npm/graceful-fs/4.1.11/package/package.json not in flight; writing
352 silly fetchAndShaCheck shasum 115f9e3b6b3daf2959983cb38f149a2d40eb5d53
353 verbose afterAdd /home/sxio/.npm/graceful-fs/4.1.11/package/package.json written
354 verbose addTmpTarball /tmp/npm-28126-710708fc/registry.npmjs.org/mime/-/mime-1.3.4.tgz not in flight; adding
355 verbose addTmpTarball already have metadata; skipping unpack for mime@1.3.4
356 silly cache afterAdd mkdirp@0.5.1
357 verbose afterAdd /home/sxio/.npm/mkdirp/0.5.1/package/package.json not in flight; writing
358 verbose afterAdd /home/sxio/.npm/mkdirp/0.5.1/package/package.json written
359 http fetch 200 https://registry.npmjs.org/promise/-/promise-7.1.1.tgz
360 http fetch 200 https://registry.npmjs.org/errno/-/errno-0.1.4.tgz
361 http fetch 200 https://registry.npmjs.org/image-size/-/image-size-0.5.0.tgz
362 silly fetchAndShaCheck shasum b896e23a9e5e8ba33871fc996abd3635fc9a1c7d
363 silly fetchAndShaCheck shasum be7aed1c37b5ac3d9ba1d66a24b4c47ff8397651
364 verbose addTmpTarball /tmp/npm-28126-710708fc/registry.npmjs.org/errno/-/errno-0.1.4.tgz not in flight; adding
365 verbose addTmpTarball already have metadata; skipping unpack for errno@0.1.4
366 http fetch 200 https://registry.npmjs.org/source-map/-/source-map-0.5.6.tgz
367 silly cache afterAdd mime@1.3.4
368 verbose afterAdd /home/sxio/.npm/mime/1.3.4/package/package.json not in flight; writing
369 verbose addTmpTarball /tmp/npm-28126-710708fc/registry.npmjs.org/image-size/-/image-size-0.5.0.tgz not in flight; adding
370 verbose addTmpTarball already have metadata; skipping unpack for image-size@0.5.0
371 verbose afterAdd /home/sxio/.npm/mime/1.3.4/package/package.json written
372 silly cache afterAdd errno@0.1.4
373 verbose afterAdd /home/sxio/.npm/errno/0.1.4/package/package.json not in flight; writing
374 silly cache afterAdd image-size@0.5.0
375 verbose afterAdd /home/sxio/.npm/image-size/0.5.0/package/package.json not in flight; writing
376 verbose afterAdd /home/sxio/.npm/errno/0.1.4/package/package.json written
377 verbose afterAdd /home/sxio/.npm/image-size/0.5.0/package/package.json written
378 silly fetchAndShaCheck shasum 489654c692616b8aa55b0724fa809bb7db49c5bf
379 verbose addTmpTarball /tmp/npm-28126-710708fc/registry.npmjs.org/promise/-/promise-7.1.1.tgz not in flight; adding
380 verbose addTmpTarball already have metadata; skipping unpack for promise@7.1.1
381 silly cache afterAdd promise@7.1.1
382 verbose afterAdd /home/sxio/.npm/promise/7.1.1/package/package.json not in flight; writing
383 verbose afterAdd /home/sxio/.npm/promise/7.1.1/package/package.json written
384 silly fetchAndShaCheck shasum 75ce38f52bf0733c5a7f0c118d81334a2bb5f412
385 verbose addTmpTarball /tmp/npm-28126-710708fc/registry.npmjs.org/source-map/-/source-map-0.5.6.tgz not in flight; adding
386 verbose addTmpTarball already have metadata; skipping unpack for source-map@0.5.6
387 silly cache afterAdd source-map@0.5.6
388 verbose afterAdd /home/sxio/.npm/source-map/0.5.6/package/package.json not in flight; writing
389 verbose afterAdd /home/sxio/.npm/source-map/0.5.6/package/package.json written
390 silly fetchNamedPackageData prr
391 silly mapToRegistry name prr
392 silly mapToRegistry using default registry
393 silly mapToRegistry registry https://registry.npmjs.org/
394 silly mapToRegistry uri https://registry.npmjs.org/prr
395 verbose request uri https://registry.npmjs.org/prr
396 verbose request no auth needed
397 info attempt registry request try #1 at 11:28:25 AM
398 http request GET https://registry.npmjs.org/prr
399 http 200 https://registry.npmjs.org/prr
400 verbose headers { server: 'nginx/1.10.1',
400 verbose headers   'content-type': 'application/json',
400 verbose headers   'last-modified': 'Tue, 22 Jul 2014 06:50:49 GMT',
400 verbose headers   etag: 'W/"53ce09c9-140f"',
400 verbose headers   'content-encoding': 'gzip',
400 verbose headers   'cache-control': 'max-age=300',
400 verbose headers   'content-length': '1638',
400 verbose headers   'accept-ranges': 'bytes',
400 verbose headers   date: 'Sun, 04 Dec 2016 04:28:25 GMT',
400 verbose headers   via: '1.1 varnish',
400 verbose headers   age: '212',
400 verbose headers   connection: 'keep-alive',
400 verbose headers   'x-served-by': 'cache-sin6926-SIN',
400 verbose headers   'x-cache': 'HIT',
400 verbose headers   'x-cache-hits': '3',
400 verbose headers   'x-timer': 'S1480825705.538135,VS0,VE0',
400 verbose headers   vary: 'Accept-Encoding' }
401 silly get cb [ 200,
401 silly get   { server: 'nginx/1.10.1',
401 silly get     'content-type': 'application/json',
401 silly get     'last-modified': 'Tue, 22 Jul 2014 06:50:49 GMT',
401 silly get     etag: 'W/"53ce09c9-140f"',
401 silly get     'content-encoding': 'gzip',
401 silly get     'cache-control': 'max-age=300',
401 silly get     'content-length': '1638',
401 silly get     'accept-ranges': 'bytes',
401 silly get     date: 'Sun, 04 Dec 2016 04:28:25 GMT',
401 silly get     via: '1.1 varnish',
401 silly get     age: '212',
401 silly get     connection: 'keep-alive',
401 silly get     'x-served-by': 'cache-sin6926-SIN',
401 silly get     'x-cache': 'HIT',
401 silly get     'x-cache-hits': '3',
401 silly get     'x-timer': 'S1480825705.538135,VS0,VE0',
401 silly get     vary: 'Accept-Encoding' } ]
402 verbose get saving prr to /home/sxio/.npm/registry.npmjs.org/prr/.cache.json
403 silly resolveWithNewModule prr@0.0.0 checking installable status
404 silly cache add args [ 'prr@~0.0.0', null ]
405 verbose cache add spec prr@~0.0.0
406 silly cache add parsed spec Result {
406 silly cache add   raw: 'prr@~0.0.0',
406 silly cache add   scope: null,
406 silly cache add   name: 'prr',
406 silly cache add   rawSpec: '~0.0.0',
406 silly cache add   spec: '>=0.0.0 <0.1.0',
406 silly cache add   type: 'range' }
407 silly addNamed prr@>=0.0.0 <0.1.0
408 verbose addNamed ">=0.0.0 <0.1.0" is a valid semver range for prr
409 silly addNameRange { name: 'prr', range: '>=0.0.0 <0.1.0', hasData: false }
410 silly mapToRegistry name prr
411 silly mapToRegistry using default registry
412 silly mapToRegistry registry https://registry.npmjs.org/
413 silly mapToRegistry uri https://registry.npmjs.org/prr
414 verbose addNameRange registry:https://registry.npmjs.org/prr not in flight; fetching
415 verbose get https://registry.npmjs.org/prr not expired, no request
416 silly addNameRange number 2 { name: 'prr', range: '>=0.0.0 <0.1.0', hasData: true }
417 silly addNameRange versions [ 'prr', [ '0.0.0', '1.0.0', '1.0.1' ] ]
418 silly addNamed prr@0.0.0
419 verbose addNamed "0.0.0" is a plain semver version for prr
420 silly mapToRegistry name prr
421 silly mapToRegistry using default registry
422 silly mapToRegistry registry https://registry.npmjs.org/
423 silly mapToRegistry uri https://registry.npmjs.org/prr
424 verbose addRemoteTarball https://registry.npmjs.org/prr/-/prr-0.0.0.tgz not in flight; adding
425 verbose addRemoteTarball [ 'https://registry.npmjs.org/prr/-/prr-0.0.0.tgz',
425 verbose addRemoteTarball   '1a84b85908325501411853d0081ee3fa86e2926a' ]
426 info retry fetch attempt 1 at 11:28:25 AM
427 info attempt registry request try #1 at 11:28:25 AM
428 http fetch GET https://registry.npmjs.org/prr/-/prr-0.0.0.tgz
429 http fetch 200 https://registry.npmjs.org/prr/-/prr-0.0.0.tgz
430 silly fetchAndShaCheck shasum 1a84b85908325501411853d0081ee3fa86e2926a
431 verbose addTmpTarball /tmp/npm-28126-710708fc/registry.npmjs.org/prr/-/prr-0.0.0.tgz not in flight; adding
432 verbose addTmpTarball already have metadata; skipping unpack for prr@0.0.0
433 silly cache afterAdd prr@0.0.0
434 verbose afterAdd /home/sxio/.npm/prr/0.0.0/package/package.json not in flight; writing
435 verbose afterAdd /home/sxio/.npm/prr/0.0.0/package/package.json written
436 silly fetchNamedPackageData minimist
437 silly mapToRegistry name minimist
438 silly mapToRegistry using default registry
439 silly mapToRegistry registry https://registry.npmjs.org/
440 silly mapToRegistry uri https://registry.npmjs.org/minimist
441 verbose request uri https://registry.npmjs.org/minimist
442 verbose request no auth needed
443 info attempt registry request try #1 at 11:28:25 AM
444 http request GET https://registry.npmjs.org/minimist
445 http 200 https://registry.npmjs.org/minimist
446 verbose headers { server: 'nginx/1.10.1',
446 verbose headers   'content-type': 'application/json',
446 verbose headers   'last-modified': 'Sun, 04 Dec 2016 03:07:05 GMT',
446 verbose headers   etag: 'W/"58438859-7216"',
446 verbose headers   'content-encoding': 'gzip',
446 verbose headers   'cache-control': 'max-age=300',
446 verbose headers   'content-length': '5422',
446 verbose headers   'accept-ranges': 'bytes',
446 verbose headers   date: 'Sun, 04 Dec 2016 04:28:26 GMT',
446 verbose headers   via: '1.1 varnish',
446 verbose headers   age: '25',
446 verbose headers   connection: 'keep-alive',
446 verbose headers   'x-served-by': 'cache-sin6927-SIN',
446 verbose headers   'x-cache': 'HIT',
446 verbose headers   'x-cache-hits': '2',
446 verbose headers   'x-timer': 'S1480825706.076831,VS0,VE0',
446 verbose headers   vary: 'Accept-Encoding' }
447 silly get cb [ 200,
447 silly get   { server: 'nginx/1.10.1',
447 silly get     'content-type': 'application/json',
447 silly get     'last-modified': 'Sun, 04 Dec 2016 03:07:05 GMT',
447 silly get     etag: 'W/"58438859-7216"',
447 silly get     'content-encoding': 'gzip',
447 silly get     'cache-control': 'max-age=300',
447 silly get     'content-length': '5422',
447 silly get     'accept-ranges': 'bytes',
447 silly get     date: 'Sun, 04 Dec 2016 04:28:26 GMT',
447 silly get     via: '1.1 varnish',
447 silly get     age: '25',
447 silly get     connection: 'keep-alive',
447 silly get     'x-served-by': 'cache-sin6927-SIN',
447 silly get     'x-cache': 'HIT',
447 silly get     'x-cache-hits': '2',
447 silly get     'x-timer': 'S1480825706.076831,VS0,VE0',
447 silly get     vary: 'Accept-Encoding' } ]
448 verbose get saving minimist to /home/sxio/.npm/registry.npmjs.org/minimist/.cache.json
449 silly resolveWithNewModule minimist@0.0.8 checking installable status
450 silly cache add args [ 'minimist@0.0.8', null ]
451 verbose cache add spec minimist@0.0.8
452 silly cache add parsed spec Result {
452 silly cache add   raw: 'minimist@0.0.8',
452 silly cache add   scope: null,
452 silly cache add   name: 'minimist',
452 silly cache add   rawSpec: '0.0.8',
452 silly cache add   spec: '0.0.8',
452 silly cache add   type: 'version' }
453 silly addNamed minimist@0.0.8
454 verbose addNamed "0.0.8" is a plain semver version for minimist
455 silly mapToRegistry name minimist
456 silly mapToRegistry using default registry
457 silly mapToRegistry registry https://registry.npmjs.org/
458 silly mapToRegistry uri https://registry.npmjs.org/minimist
459 verbose addNameVersion registry:https://registry.npmjs.org/minimist not in flight; fetching
460 verbose get https://registry.npmjs.org/minimist not expired, no request
461 silly mapToRegistry name minimist
462 silly mapToRegistry using default registry
463 silly mapToRegistry registry https://registry.npmjs.org/
464 silly mapToRegistry uri https://registry.npmjs.org/minimist
465 verbose addRemoteTarball https://registry.npmjs.org/minimist/-/minimist-0.0.8.tgz not in flight; adding
466 verbose addRemoteTarball [ 'https://registry.npmjs.org/minimist/-/minimist-0.0.8.tgz',
466 verbose addRemoteTarball   '857fcabfc3397d2625b8228262e86aa7a011b05d' ]
467 info retry fetch attempt 1 at 11:28:26 AM
468 info attempt registry request try #1 at 11:28:26 AM
469 http fetch GET https://registry.npmjs.org/minimist/-/minimist-0.0.8.tgz
470 http fetch 200 https://registry.npmjs.org/minimist/-/minimist-0.0.8.tgz
471 silly fetchAndShaCheck shasum 857fcabfc3397d2625b8228262e86aa7a011b05d
472 verbose addTmpTarball /tmp/npm-28126-710708fc/registry.npmjs.org/minimist/-/minimist-0.0.8.tgz not in flight; adding
473 verbose addTmpTarball already have metadata; skipping unpack for minimist@0.0.8
474 silly cache afterAdd minimist@0.0.8
475 verbose afterAdd /home/sxio/.npm/minimist/0.0.8/package/package.json not in flight; writing
476 verbose afterAdd /home/sxio/.npm/minimist/0.0.8/package/package.json written
477 silly fetchNamedPackageData asap
478 silly mapToRegistry name asap
479 silly mapToRegistry using default registry
480 silly mapToRegistry registry https://registry.npmjs.org/
481 silly mapToRegistry uri https://registry.npmjs.org/asap
482 verbose request uri https://registry.npmjs.org/asap
483 verbose request no auth needed
484 info attempt registry request try #1 at 11:28:26 AM
485 http request GET https://registry.npmjs.org/asap
486 http 200 https://registry.npmjs.org/asap
487 verbose headers { server: 'nginx/1.10.1',
487 verbose headers   'content-type': 'application/json',
487 verbose headers   'last-modified': 'Sun, 25 Sep 2016 23:35:50 GMT',
487 verbose headers   etag: 'W/"57e85f56-64ba"',
487 verbose headers   'content-encoding': 'gzip',
487 verbose headers   'cache-control': 'max-age=300',
487 verbose headers   'content-length': '6468',
487 verbose headers   'accept-ranges': 'bytes',
487 verbose headers   date: 'Sun, 04 Dec 2016 04:28:26 GMT',
487 verbose headers   via: '1.1 varnish',
487 verbose headers   age: '283',
487 verbose headers   connection: 'keep-alive',
487 verbose headers   'x-served-by': 'cache-sin6923-SIN',
487 verbose headers   'x-cache': 'HIT',
487 verbose headers   'x-cache-hits': '3',
487 verbose headers   'x-timer': 'S1480825706.657203,VS0,VE0',
487 verbose headers   vary: 'Accept-Encoding' }
488 silly get cb [ 200,
488 silly get   { server: 'nginx/1.10.1',
488 silly get     'content-type': 'application/json',
488 silly get     'last-modified': 'Sun, 25 Sep 2016 23:35:50 GMT',
488 silly get     etag: 'W/"57e85f56-64ba"',
488 silly get     'content-encoding': 'gzip',
488 silly get     'cache-control': 'max-age=300',
488 silly get     'content-length': '6468',
488 silly get     'accept-ranges': 'bytes',
488 silly get     date: 'Sun, 04 Dec 2016 04:28:26 GMT',
488 silly get     via: '1.1 varnish',
488 silly get     age: '283',
488 silly get     connection: 'keep-alive',
488 silly get     'x-served-by': 'cache-sin6923-SIN',
488 silly get     'x-cache': 'HIT',
488 silly get     'x-cache-hits': '3',
488 silly get     'x-timer': 'S1480825706.657203,VS0,VE0',
488 silly get     vary: 'Accept-Encoding' } ]
489 verbose get saving asap to /home/sxio/.npm/registry.npmjs.org/asap/.cache.json
490 silly resolveWithNewModule asap@2.0.5 checking installable status
491 silly cache add args [ 'asap@~2.0.3', null ]
492 verbose cache add spec asap@~2.0.3
493 silly cache add parsed spec Result {
493 silly cache add   raw: 'asap@~2.0.3',
493 silly cache add   scope: null,
493 silly cache add   name: 'asap',
493 silly cache add   rawSpec: '~2.0.3',
493 silly cache add   spec: '>=2.0.3 <2.1.0',
493 silly cache add   type: 'range' }
494 silly addNamed asap@>=2.0.3 <2.1.0
495 verbose addNamed ">=2.0.3 <2.1.0" is a valid semver range for asap
496 silly addNameRange { name: 'asap', range: '>=2.0.3 <2.1.0', hasData: false }
497 silly mapToRegistry name asap
498 silly mapToRegistry using default registry
499 silly mapToRegistry registry https://registry.npmjs.org/
500 silly mapToRegistry uri https://registry.npmjs.org/asap
501 verbose addNameRange registry:https://registry.npmjs.org/asap not in flight; fetching
502 verbose get https://registry.npmjs.org/asap not expired, no request
503 silly addNameRange number 2 { name: 'asap', range: '>=2.0.3 <2.1.0', hasData: true }
504 silly addNameRange versions [ 'asap',
504 silly addNameRange   [ '0.0.0',
504 silly addNameRange     '1.0.0',
504 silly addNameRange     '2.0.0',
504 silly addNameRange     '2.0.1',
504 silly addNameRange     '2.0.2',
504 silly addNameRange     '2.0.3',
504 silly addNameRange     '2.0.4',
504 silly addNameRange     '2.0.5' ] ]
505 silly addNamed asap@2.0.5
506 verbose addNamed "2.0.5" is a plain semver version for asap
507 silly mapToRegistry name asap
508 silly mapToRegistry using default registry
509 silly mapToRegistry registry https://registry.npmjs.org/
510 silly mapToRegistry uri https://registry.npmjs.org/asap
511 verbose addRemoteTarball https://registry.npmjs.org/asap/-/asap-2.0.5.tgz not in flight; adding
512 verbose addRemoteTarball [ 'https://registry.npmjs.org/asap/-/asap-2.0.5.tgz',
512 verbose addRemoteTarball   '522765b50c3510490e52d7dcfe085ef9ba96958f' ]
513 info retry fetch attempt 1 at 11:28:26 AM
514 info attempt registry request try #1 at 11:28:26 AM
515 http fetch GET https://registry.npmjs.org/asap/-/asap-2.0.5.tgz
516 http fetch 200 https://registry.npmjs.org/asap/-/asap-2.0.5.tgz
517 silly fetchAndShaCheck shasum 522765b50c3510490e52d7dcfe085ef9ba96958f
518 verbose addTmpTarball /tmp/npm-28126-710708fc/registry.npmjs.org/asap/-/asap-2.0.5.tgz not in flight; adding
519 verbose addTmpTarball already have metadata; skipping unpack for asap@2.0.5
520 silly cache afterAdd asap@2.0.5
521 verbose afterAdd /home/sxio/.npm/asap/2.0.5/package/package.json not in flight; writing
522 verbose afterAdd /home/sxio/.npm/asap/2.0.5/package/package.json written
523 silly loadAllDepsIntoIdealTree Finishing
524 silly idealTree:prePrune lib
524 silly idealTree:prePrune  less@2.7.1
524 silly idealTree:prePrune    asap@2.0.5
524 silly idealTree:prePrune    errno@0.1.4
524 silly idealTree:prePrune    graceful-fs@4.1.11
524 silly idealTree:prePrune    image-size@0.5.0
524 silly idealTree:prePrune    mime@1.3.4
524 silly idealTree:prePrune    minimist@0.0.8
524 silly idealTree:prePrune    mkdirp@0.5.1
524 silly idealTree:prePrune    promise@7.1.1
524 silly idealTree:prePrune    prr@0.0.0
524 silly idealTree:prePrune    source-map@0.5.6
525 silly loadIdealTree Finishing
526 silly currentTree lib
527 silly idealTree lib
527 silly idealTree  less@2.7.1
527 silly idealTree    asap@2.0.5
527 silly idealTree    errno@0.1.4
527 silly idealTree    graceful-fs@4.1.11
527 silly idealTree    image-size@0.5.0
527 silly idealTree    mime@1.3.4
527 silly idealTree    minimist@0.0.8
527 silly idealTree    mkdirp@0.5.1
527 silly idealTree    promise@7.1.1
527 silly idealTree    prr@0.0.0
527 silly idealTree    source-map@0.5.6
528 silly generateActionsToTake Starting
529 silly install generateActionsToTake
530 warn checkPermissions Missing write access to /usr/local/lib
531 silly rollbackFailedOptional Starting
532 silly rollbackFailedOptional Finishing
533 silly runTopLevelLifecycles Starting
534 silly runTopLevelLifecycles Finishing
535 silly install printInstalled
536 verbose stack Error: EACCES: permission denied, access '/usr/local/lib'
536 verbose stack     at Error (native)
537 verbose cwd /opt/lampp/htdocs/Alpukat
538 error Linux 4.4.0-47-generic
539 error argv "/usr/bin/nodejs" "/usr/bin/npm" "install" "less" "-g"
540 error node v4.2.6
541 error npm  v3.5.2
542 error path /usr/local/lib
543 error code EACCES
544 error errno -13
545 error syscall access
546 error Error: EACCES: permission denied, access '/usr/local/lib'
546 error     at Error (native)
546 error  { [Error: EACCES: permission denied, access '/usr/local/lib']
546 error   errno: -13,
546 error   code: 'EACCES',
546 error   syscall: 'access',
546 error   path: '/usr/local/lib' }
547 error Please try running this command again as root/Administrator.
548 verbose exit [ -13, true ]
